api.testcases.UserTestcase - --------------------Creating user--------------------
api.testcases.UserTestcase - -------------------- user Created--------------------
api.testcases.UserTestcase - --------------------Reading user info--------------------
api.testcases.UserTestcase - --------------------user info is displayed--------------------
api.testcases.UserTestcase - --------------------Updating user--------------------
api.testcases.UserTestcase - -------------------- user updated--------------------
api.testcases.UserTestcase - --------------------Update_By_username--------------------
api.testcases.UserTestcase - --------------------updated--------------------
api.testcases.UserTestcase - --------------------Delete_User--------------------
api.testcases.UserTestcase - --------------------UserDelete_--------------------
api.testcases.UserTestcase - --------------------Creating user--------------------
api.testcases.UserTestcase - -------------------- user Created--------------------
api.testcases.UserTestcase - --------------------Reading user info--------------------
api.testcases.UserTestcase - --------------------user info is displayed--------------------
api.testcases.UserTestcase - --------------------Updating user--------------------
api.testcases.UserTestcase - -------------------- user updated--------------------
api.testcases.UserTestcase - --------------------Update_By_username--------------------
api.testcases.UserTestcase - --------------------updated--------------------
api.testcases.UserTestcase - --------------------Delete_User--------------------
api.testcases.UserTestcase - --------------------UserDelete_--------------------
api.testcases.UserTestcase - --------------------Creating user--------------------
api.testcases.UserTestcase - -------------------- user Created--------------------
api.testcases.UserTestcase - --------------------Reading user info--------------------
api.testcases.UserTestcase - --------------------user info is displayed--------------------
api.testcases.UserTestcase - --------------------Updating user--------------------
api.testcases.UserTestcase - -------------------- user updated--------------------
api.testcases.UserTestcase - --------------------Update_By_username--------------------
api.testcases.UserTestcase - --------------------updated--------------------
api.testcases.UserTestcase - --------------------Delete_User--------------------
api.testcases.UserTestcase - --------------------UserDelete_--------------------
